<?xml version="1.0" encoding="UTF-8"?>
<!-- Generated by org.testng.reporters.JUnitXMLReporter -->
<testsuite hostname="DESKTOP-EKUOLJ2" ignored="0" name="AllTests" tests="103" failures="1" timestamp="17 Sep 2019 13:42:03 GMT" time="17.578" errors="0">
  <testcase name="testContent" time="0.005" classname="com.revature.entitiestests.ContentTest"/>
  <testcase name="testContentIntStringStringStringStringSetOfLinkLongLong" time="0.001" classname="com.revature.entitiestests.ContentTest"/>
  <testcase name="testEqualsObject" time="0.4" classname="com.revature.entitiestests.ContentTest"/>
  <testcase name="testGetDateCreated" time="0.001" classname="com.revature.entitiestests.ContentTest"/>
  <testcase name="testGetDescription" time="0.0" classname="com.revature.entitiestests.ContentTest"/>
  <testcase name="testGetFormat" time="0.0" classname="com.revature.entitiestests.ContentTest"/>
  <testcase name="testGetId" time="0.002" classname="com.revature.entitiestests.ContentTest"/>
  <testcase name="testGetLastModified" time="0.0" classname="com.revature.entitiestests.ContentTest"/>
  <testcase name="testGetLinks" time="0.0" classname="com.revature.entitiestests.ContentTest"/>
  <testcase name="testGetTitle" time="0.0" classname="com.revature.entitiestests.ContentTest"/>
  <testcase name="testGetUrl" time="0.0" classname="com.revature.entitiestests.ContentTest"/>
  <testcase name="testSetDateCreated" time="0.0" classname="com.revature.entitiestests.ContentTest"/>
  <testcase name="testSetDescription" time="0.001" classname="com.revature.entitiestests.ContentTest"/>
  <testcase name="testSetFormat" time="0.0" classname="com.revature.entitiestests.ContentTest"/>
  <testcase name="testSetId" time="0.001" classname="com.revature.entitiestests.ContentTest"/>
  <testcase name="testSetLastModified" time="0.0" classname="com.revature.entitiestests.ContentTest"/>
  <testcase name="testSetLinks" time="0.0" classname="com.revature.entitiestests.ContentTest"/>
  <testcase name="testSetTitle" time="0.0" classname="com.revature.entitiestests.ContentTest"/>
  <testcase name="testSetUrl" time="0.0" classname="com.revature.entitiestests.ContentTest"/>
  <testcase name="testToString" time="0.001" classname="com.revature.entitiestests.ContentTest"/>
  <testcase name="testEqualsObject" time="0.034" classname="com.revature.entitiestests.LinkTest"/>
  <testcase name="testGetContentId" time="0.001" classname="com.revature.entitiestests.LinkTest"/>
  <testcase name="testGetId" time="0.0" classname="com.revature.entitiestests.LinkTest"/>
  <testcase name="testGetModuleId" time="0.0" classname="com.revature.entitiestests.LinkTest"/>
  <testcase name="testLink" time="0.001" classname="com.revature.entitiestests.LinkTest"/>
  <testcase name="testLinkIntIntIntString" time="0.0" classname="com.revature.entitiestests.LinkTest"/>
  <testcase name="testSetContentId" time="0.0" classname="com.revature.entitiestests.LinkTest"/>
  <testcase name="testSetId" time="0.001" classname="com.revature.entitiestests.LinkTest"/>
  <testcase name="testSetModuleId" time="0.0" classname="com.revature.entitiestests.LinkTest"/>
  <testcase name="testToString" time="0.0" classname="com.revature.entitiestests.LinkTest"/>
  <testcase name="testEqualsObject" time="0.091" classname="com.revature.entitiestests.ModuleTest"/>
  <testcase name="testGetCreated" time="0.0" classname="com.revature.entitiestests.ModuleTest"/>
  <testcase name="testGetId" time="0.0" classname="com.revature.entitiestests.ModuleTest"/>
  <testcase name="testGetLinks" time="0.001" classname="com.revature.entitiestests.ModuleTest"/>
  <testcase name="testGetSubject" time="0.0" classname="com.revature.entitiestests.ModuleTest"/>
  <testcase name="testModule" time="0.0" classname="com.revature.entitiestests.ModuleTest"/>
  <testcase name="testModuleIntStringIntSetOfLink" time="0.001" classname="com.revature.entitiestests.ModuleTest"/>
  <testcase name="testSetCreated" time="0.0" classname="com.revature.entitiestests.ModuleTest"/>
  <testcase name="testSetId" time="0.001" classname="com.revature.entitiestests.ModuleTest"/>
  <testcase name="testSetLinks" time="0.0" classname="com.revature.entitiestests.ModuleTest"/>
  <testcase name="testSetSubject" time="0.0" classname="com.revature.entitiestests.ModuleTest"/>
  <testcase name="testToString" time="0.0" classname="com.revature.entitiestests.ModuleTest"/>
  <testcase name="deleteContent" time="0.065" classname="com.revature.controllertests.ContentControllerTest"/>
  <testcase name="getAllContents" time="0.025" classname="com.revature.controllertests.ContentControllerTest"/>
  <testcase name="getContentById" time="0.004" classname="com.revature.controllertests.ContentControllerTest"/>
  <testcase name="givenValidDataCreateContent" time="0.017" classname="com.revature.controllertests.ContentControllerTest"/>
  <testcase name="updateContent" time="0.002" classname="com.revature.controllertests.ContentControllerTest"/>
  <testcase name="deleteModule" time="0.002" classname="com.revature.controllertests.ModuleControllerTest"/>
  <testcase name="getAllModules" time="0.006" classname="com.revature.controllertests.ModuleControllerTest">
    <failure type="java.lang.AssertionError" message="Failed to get back modules expected [[{&amp;quot;id&amp;quot;:1,&amp;quot;subject&amp;quot;:&amp;quot;subject&amp;quot;,&amp;quot;created&amp;quot;:1,&amp;quot;links&amp;quot;:[{&amp;quot;id&amp;quot;:1,&amp;quot;contentId&amp;quot;:1,&amp;quot;moduleId&amp;quot;:1,&amp;quot;affiliation&amp;quot;:&amp;quot;affiliation&amp;quot;}]}]] but found [[{&amp;quot;id&amp;quot;:1,&amp;quot;subject&amp;quot;:&amp;quot;subject&amp;quot;,&amp;quot;created&amp;quot;:1,&amp;quot;links&amp;quot;:[{&amp;quot;id&amp;quot;:1,&amp;quot;contentId&amp;quot;:1,&amp;quot;moduleId&amp;quot;:1,&amp;quot;affiliation&amp;quot;:&amp;quot;affiliation&amp;quot;}],&amp;quot;parentModules&amp;quot;:null,&amp;quot;childrenModules&amp;quot;:null}]]">
      <![CDATA[java.lang.AssertionError: Failed to get back modules expected [[{"id":1,"subject":"subject","created":1,"links":[{"id":1,"contentId":1,"moduleId":1,"affiliation":"affiliation"}]}]] but found [[{"id":1,"subject":"subject","created":1,"links":[{"id":1,"contentId":1,"moduleId":1,"affiliation":"affiliation"}],"parentModules":null,"childrenModules":null}]]
at com.revature.controllertests.ModuleControllerTest.getAllModules(ModuleControllerTest.java:132)
at org.springframework.test.context.testng.AbstractTestNGSpringContextTests.run(AbstractTestNGSpringContextTests.java:180)
... Removed 32 stack frames]]>
    </failure>
  </testcase> <!-- getAllModules -->
  <testcase name="getModuleById" time="0.002" classname="com.revature.controllertests.ModuleControllerTest"/>
  <testcase name="givenValidDataCreateModule" time="0.004" classname="com.revature.controllertests.ModuleControllerTest"/>
  <testcase name="givenInvalidSearchGetNoContent" time="0.009" classname="com.revature.controllertests.SearchControllerTest"/>
  <testcase name="givenValidSearchGetContent" time="0.005" classname="com.revature.controllertests.SearchControllerTest"/>
  <testcase name="testOne" time="0.002" classname="com.revature.loggingtest.LoggingTest"/>
  <testcase name="testGetTimeGraphData" time="0.001" classname="com.revature.servicestests.TimeGraphServiceTest"/>
  <testcase name="timeScaleInMarginOneVal" time="0.001" classname="com.revature.servicestests.TimeGraphServiceTest"/>
  <testcase name="testCreateContent" time="0.0" classname="com.revature.servicestests.ContentServiceTest"/>
  <testcase name="testGetAllContent" time="0.0" classname="com.revature.servicestests.ContentServiceTest"/>
  <testcase name="testGetContentById" time="0.001" classname="com.revature.servicestests.ContentServiceTest"/>
  <testcase name="testUpdateContent" time="0.0" classname="com.revature.servicestests.ContentServiceTest"/>
  <testcase name="testGetContentByFormatWithContents" time="0.001" classname="com.revature.servicestests.ContentServiceTest"/>
  <testcase name="testGetContentByFormatWithStrings" time="0.001" classname="com.revature.servicestests.ContentServiceTest"/>
  <testcase name="testCreateModule" time="0.001" classname="com.revature.servicestests.ModuleServiceTest"/>
  <testcase name="testDelete" time="0.0" classname="com.revature.servicestests.ModuleServiceTest"/>
  <testcase name="testGetAllModules" time="0.001" classname="com.revature.servicestests.ModuleServiceTest"/>
  <testcase name="testGetAverageByAllModules" time="0.0" classname="com.revature.servicestests.ModuleServiceTest"/>
  <testcase name="testGetAverageByModuleIds" time="0.0" classname="com.revature.servicestests.ModuleServiceTest"/>
  <testcase name="testGetModuleById" time="0.001" classname="com.revature.servicestests.ModuleServiceTest"/>
  <testcase name="filterContentByFormatTest" time="0.001" classname="com.revature.servicestests.SearchServiceTest"/>
  <testcase name="filterContentBySubjectsTest" time="0.003" classname="com.revature.servicestests.SearchServiceTest"/>
  <testcase name="filterContentByTitleTest" time="0.001" classname="com.revature.servicestests.SearchServiceTest"/>
  <testcase name="filterTest" time="0.001" classname="com.revature.servicestests.SearchServiceTest"/>
  <testcase name="getContentByModuleIdTest" time="0.001" classname="com.revature.servicestests.SearchServiceTest"/>
  <testcase name="testEqualsObject" time="0.03" classname="com.revature.utiltests.MetricsDataTest"/>
  <testcase name="testGetAvgResources" time="0.0" classname="com.revature.utiltests.MetricsDataTest"/>
  <testcase name="testGetCodeCount" time="0.0" classname="com.revature.utiltests.MetricsDataTest"/>
  <testcase name="testGetDocumentCount" time="0.0" classname="com.revature.utiltests.MetricsDataTest"/>
  <testcase name="testGetNumDiffModsCount" time="0.0" classname="com.revature.utiltests.MetricsDataTest"/>
  <testcase name="testGetPptCount" time="0.0" classname="com.revature.utiltests.MetricsDataTest"/>
  <testcase name="testGetTimeGraphData" time="0.0" classname="com.revature.utiltests.MetricsDataTest"/>
  <testcase name="testMetricsData" time="0.0" classname="com.revature.utiltests.MetricsDataTest"/>
  <testcase name="testMetricsDataIntIntIntIntDoubleTimeGraphData" time="0.0" classname="com.revature.utiltests.MetricsDataTest"/>
  <testcase name="testSetAvgResources" time="0.0" classname="com.revature.utiltests.MetricsDataTest"/>
  <testcase name="testSetCodeCount" time="0.001" classname="com.revature.utiltests.MetricsDataTest"/>
  <testcase name="testSetDocumentCount" time="0.001" classname="com.revature.utiltests.MetricsDataTest"/>
  <testcase name="testSetNumDiffModsCount" time="0.0" classname="com.revature.utiltests.MetricsDataTest"/>
  <testcase name="testSetPptCount" time="0.0" classname="com.revature.utiltests.MetricsDataTest"/>
  <testcase name="testSetTimeGraphData" time="0.0" classname="com.revature.utiltests.MetricsDataTest"/>
  <testcase name="testToString" time="0.0" classname="com.revature.utiltests.MetricsDataTest"/>
  <testcase name="testGetNumContents" time="0.0" classname="com.revature.utiltests.TimeGraphTest"/>
  <testcase name="testGetReturnedLongs" time="0.0" classname="com.revature.utiltests.TimeGraphTest"/>
  <testcase name="testSetNumContents" time="0.0" classname="com.revature.utiltests.TimeGraphTest"/>
  <testcase name="testSetReturnedLongs" time="0.0" classname="com.revature.utiltests.TimeGraphTest"/>
  <testcase name="testTimeGraphData" time="0.0" classname="com.revature.utiltests.TimeGraphTest"/>
  <testcase name="testTimeGraphDataListOfLongInt" time="0.0" classname="com.revature.utiltests.TimeGraphTest"/>
  <testcase name="testToString" time="0.0" classname="com.revature.utiltests.TimeGraphTest"/>
  <testcase name="testContentWrapper" time="0.0" classname="com.revature.utiltests.ContentWrapperTest"/>
  <testcase name="testContentWrapperContentLinkArray" time="0.0" classname="com.revature.utiltests.ContentWrapperTest"/>
  <testcase name="testGetContent" time="0.0" classname="com.revature.utiltests.ContentWrapperTest"/>
  <testcase name="testGetLinks" time="0.001" classname="com.revature.utiltests.ContentWrapperTest"/>
  <testcase name="testSetContent" time="0.0" classname="com.revature.utiltests.ContentWrapperTest"/>
  <testcase name="testSetLinks" time="0.0" classname="com.revature.utiltests.ContentWrapperTest"/>
  <testcase name="testToString" time="0.0" classname="com.revature.utiltests.ContentWrapperTest"/>
</testsuite> <!-- AllTests -->
